{
  "RSpec": {
    "coverage": {
      "/home/enow/projects/ruby_and_rails/project_management_app/config/environment.rb": [
        null,
        1,
        null,
        null,
        0
      ],
      "/home/enow/projects/ruby_and_rails/project_management_app/config/application.rb": [
        1,
        null,
        0,
        null,
        null,
        null,
        0,
        null,
        0,
        0,
        null,
        0,
        null,
        null,
        null,
        null,
        null,
        null,
        null
      ],
      "/home/enow/projects/ruby_and_rails/project_management_app/config/boot.rb": [
        1,
        null,
        1,
        0
      ]
    },
    "timestamp": 1580877093
  }
}
